<?xml version="1.0" encoding="UTF-8"?>
<!-- Generated by org.testng.reporters.JUnitXMLReporter -->
<testsuite ignored="0" hostname="Saven-L-146" failures="1" tests="2" name="ChromeTest" time="105.839" errors="0" timestamp="2025-09-19T16:00:41 IST">
  <testcase classname="testCases.TC_Login_01" name="Login" time="49.765"/>
  <testcase classname="testCases.TC_AddUser_01" name="createUser" time="42.18">
    <failure type="java.lang.AssertionError" message="null">
      <![CDATA[java.lang.AssertionError: null
at testCases.TC_AddUser_01.createUser(TC_AddUser_01.java:67)
at java.base/java.util.ArrayList.forEach(ArrayList.java:1596)
at java.base/java.util.concurrent.FutureTask.run(FutureTask.java:317)
at java.base/java.util.concurrent.ThreadPoolExecutor.runWorker(ThreadPoolExecutor.java:1144)
at java.base/java.util.concurrent.ThreadPoolExecutor$Worker.run(ThreadPoolExecutor.java:642)
at java.base/java.lang.Thread.run(Thread.java:1583)
... Removed 17 stack frames]]>
    </failure>
  </testcase> <!-- createUser -->
</testsuite> <!-- ChromeTest -->
