<?xml version="1.0" encoding="UTF-8"?>
<!-- Generated by org.testng.reporters.JUnitXMLReporter -->
<testsuite ignored="0" hostname="Saven-L-146" failures="1" tests="1" name="ChromeTest" time="2.887" errors="0" timestamp="2025-09-25T15:34:37 IST">
  <testcase classname="testCases.TC_Login_01" name="Login" time="0.033">
    <failure type="java.lang.IllegalArgumentException" message="Environment not specified. Pass it via -Denv=&amp;lt;dev|qa|prod&amp;gt;">
      <![CDATA[java.lang.IllegalArgumentException: Environment not specified. Pass it via -Denv=<dev|qa|prod>
at testCases.TC_Login_01.Login(TC_Login_01.java:20)
at java.base/java.util.ArrayList.forEach(ArrayList.java:1596)
at java.base/java.util.concurrent.FutureTask.run(FutureTask.java:317)
at java.base/java.util.concurrent.ThreadPoolExecutor.runWorker(ThreadPoolExecutor.java:1144)
at java.base/java.util.concurrent.ThreadPoolExecutor$Worker.run(ThreadPoolExecutor.java:642)
at java.base/java.lang.Thread.run(Thread.java:1583)
... Removed 15 stack frames]]>
    </failure>
  </testcase> <!-- Login -->
</testsuite> <!-- ChromeTest -->
