<?xml version="1.0" encoding="UTF-8"?>
<!-- Generated by org.testng.reporters.JUnitXMLReporter -->
<testsuite ignored="0" hostname="Saven-L-146" failures="2" tests="2" name="EdgeTest" time="13.611" errors="0" timestamp="2025-09-24T17:45:06 IST">
  <testcase classname="testCases.TC_Login_01" name="Login" time="0.002">
    <failure type="java.lang.IllegalArgumentException" message="Environment not specified. Pass it via -Denv=&amp;lt;dev|qa|prod&amp;gt;">
      <![CDATA[java.lang.IllegalArgumentException: Environment not specified. Pass it via -Denv=<dev|qa|prod>
at testCases.TC_Login_01.Login(TC_Login_01.java:20)
at java.base/java.util.ArrayList.forEach(ArrayList.java:1596)
at java.base/java.util.concurrent.FutureTask.run(FutureTask.java:317)
at java.base/java.util.concurrent.ThreadPoolExecutor.runWorker(ThreadPoolExecutor.java:1144)
at java.base/java.util.concurrent.ThreadPoolExecutor$Worker.run(ThreadPoolExecutor.java:642)
at java.base/java.lang.Thread.run(Thread.java:1583)
... Removed 15 stack frames]]>
    </failure>
  </testcase> <!-- Login -->
  <testcase classname="testCases.TC_Addclient_01" name="createClients" time="0.003">
    <failure type="java.lang.IllegalArgumentException" message="Environment not specified. Pass it via -Denv=&amp;lt;dev|qa|prod&amp;gt;">
      <![CDATA[java.lang.IllegalArgumentException: Environment not specified. Pass it via -Denv=<dev|qa|prod>
at testCases.TC_Addclient_01.createClients(TC_Addclient_01.java:23)
at java.base/java.util.ArrayList.forEach(ArrayList.java:1596)
at java.base/java.util.concurrent.FutureTask.run(FutureTask.java:317)
at java.base/java.util.concurrent.ThreadPoolExecutor.runWorker(ThreadPoolExecutor.java:1144)
at java.base/java.util.concurrent.ThreadPoolExecutor$Worker.run(ThreadPoolExecutor.java:642)
at java.base/java.lang.Thread.run(Thread.java:1583)
... Removed 15 stack frames]]>
    </failure>
  </testcase> <!-- createClients -->
</testsuite> <!-- EdgeTest -->
