<?xml version="1.0" encoding="UTF-8"?>
<!-- Generated by org.testng.reporters.JUnitXMLReporter -->
<testsuite ignored="0" hostname="Saven-L-146" failures="0" tests="3" name="ChromeTest" time="146.171" errors="0" timestamp="2025-09-15T18:25:14 IST">
  <testcase classname="testCases.TC_Login_01" name="Login" time="41.103"/>
  <testcase classname="testCases.TC_AddUser_01" name="createUser" time="38.021"/>
  <testcase classname="testCases.TC_Addclient_01" name="createClients" time="43.388"/>
</testsuite> <!-- ChromeTest -->
