<?xml version="1.0" encoding="UTF-8"?>
<!-- Generated by org.testng.reporters.JUnitXMLReporter -->
<testsuite ignored="0" hostname="Saven-L-146" failures="3" tests="3" name="ChromeTest" time="9.157" errors="0" timestamp="2025-09-23T16:08:32 IST">
  <testcase classname="testCases.TC_Login_01" name="Login" time="0.037">
    <failure type="java.lang.IllegalArgumentException" message="Environment not specified. Pass it via -Denv=&amp;lt;dev|qa|prod&amp;gt;">
      <![CDATA[java.lang.IllegalArgumentException: Environment not specified. Pass it via -Denv=<dev|qa|prod>
at testCases.TC_Login_01.Login(TC_Login_01.java:20)
at java.base/java.util.ArrayList.forEach(ArrayList.java:1596)
... Removed 29 stack frames]]>
    </failure>
  </testcase> <!-- Login -->
  <testcase classname="testCases.TC_AddUser_01" name="createUser" time="0.027">
    <failure type="java.lang.IllegalArgumentException" message="Keys to send should be a not null CharSequence">
      <![CDATA[java.lang.IllegalArgumentException: Keys to send should be a not null CharSequence
at org.openqa.selenium.remote.RemoteWebElement.sendKeys(RemoteWebElement.java:96)
at org.openqa.selenium.support.pagefactory.internal.LocatingElementHandler.invoke(LocatingElementHandler.java:51)
at jdk.proxy2/jdk.proxy2.$Proxy27.sendKeys(Unknown Source)
at pageObjects.LoginPage.setUserName(LoginPage.java:33)
at testCases.TC_AddUser_01.createUser(TC_AddUser_01.java:24)
at java.base/java.util.ArrayList.forEach(ArrayList.java:1596)
... Removed 31 stack frames]]>
    </failure>
  </testcase> <!-- createUser -->
  <testcase classname="testCases.TC_Addclient_01" name="createClients" time="0.037">
    <failure type="java.lang.IllegalArgumentException" message="Keys to send should be a not null CharSequence">
      <![CDATA[java.lang.IllegalArgumentException: Keys to send should be a not null CharSequence
at org.openqa.selenium.remote.RemoteWebElement.sendKeys(RemoteWebElement.java:96)
at org.openqa.selenium.support.pagefactory.internal.LocatingElementHandler.invoke(LocatingElementHandler.java:51)
at jdk.proxy2/jdk.proxy2.$Proxy27.sendKeys(Unknown Source)
at pageObjects.LoginPage.setUserName(LoginPage.java:33)
at testCases.TC_Addclient_01.createClients(TC_Addclient_01.java:20)
at java.base/java.util.ArrayList.forEach(ArrayList.java:1596)
... Removed 31 stack frames]]>
    </failure>
  </testcase> <!-- createClients -->
</testsuite> <!-- ChromeTest -->
