<?xml version="1.0" encoding="UTF-8"?>
<testng-results ignored="0" total="3" passed="3" failed="0" skipped="0">
  <reporter-output>
  </reporter-output>
  <suite started-at="2025-09-15T18:22:46 IST" name=" MasterSuite" finished-at="2025-09-15T18:25:12 IST" duration-ms="146171">
    <groups>
      <group name="Master">
        <method signature="TC_AddUser_01.createUser()[pri:0, instance:testCases.TC_AddUser_01@3a0baae5]" name="createUser" class="testCases.TC_AddUser_01"/>
        <method signature="TC_Addclient_01.createClients()[pri:0, instance:testCases.TC_Addclient_01@7ac0e420]" name="createClients" class="testCases.TC_Addclient_01"/>
        <method signature="TC_Login_01.Login()[pri:0, instance:testCases.TC_Login_01@dbd8e44]" name="Login" class="testCases.TC_Login_01"/>
      </group> <!-- Master -->
      <group name="Sanity">
        <method signature="TC_Login_01.Login()[pri:0, instance:testCases.TC_Login_01@dbd8e44]" name="Login" class="testCases.TC_Login_01"/>
      </group> <!-- Sanity -->
      <group name="Regression">
        <method signature="TC_AddUser_01.createUser()[pri:0, instance:testCases.TC_AddUser_01@3a0baae5]" name="createUser" class="testCases.TC_AddUser_01"/>
        <method signature="TC_Addclient_01.createClients()[pri:0, instance:testCases.TC_Addclient_01@7ac0e420]" name="createClients" class="testCases.TC_Addclient_01"/>
      </group> <!-- Regression -->
    </groups>
    <test started-at="2025-09-15T18:22:46 IST" name="ChromeTest" finished-at="2025-09-15T18:25:12 IST" duration-ms="146171">
      <class name="testCases.TC_Addclient_01">
        <test-method is-config="true" signature="setup(java.lang.String,java.lang.String)[pri:0, instance:testCases.TC_Addclient_01@7ac0e420]" started-at="2025-09-15T18:24:26 IST" name="setup" finished-at="2025-09-15T18:24:29 IST" duration-ms="2576" status="PASS">
          <params>
            <param index="0">
              <value>
                <![CDATA[Windows]]>
              </value>
            </param>
            <param index="1">
              <value>
                <![CDATA[chrome]]>
              </value>
            </param>
          </params>
          <reporter-output>
          </reporter-output>
        </test-method> <!-- setup -->
        <test-method signature="createClients()[pri:0, instance:testCases.TC_Addclient_01@7ac0e420]" started-at="2025-09-15T18:24:29 IST" name="createClients" finished-at="2025-09-15T18:25:12 IST" duration-ms="43388" status="PASS">
          <reporter-output>
          </reporter-output>
        </test-method> <!-- createClients -->
        <test-method is-config="true" signature="teardown()[pri:0, instance:testCases.TC_Addclient_01@7ac0e420]" started-at="2025-09-15T18:25:12 IST" name="teardown" finished-at="2025-09-15T18:25:12 IST" duration-ms="453" status="PASS">
          <reporter-output>
          </reporter-output>
        </test-method> <!-- teardown -->
      </class> <!-- testCases.TC_Addclient_01 -->
      <class name="testCases.TC_AddUser_01">
        <test-method is-config="true" signature="setup(java.lang.String,java.lang.String)[pri:0, instance:testCases.TC_AddUser_01@3a0baae5]" started-at="2025-09-15T18:23:45 IST" name="setup" finished-at="2025-09-15T18:23:47 IST" duration-ms="2904" status="PASS">
          <params>
            <param index="0">
              <value>
                <![CDATA[Windows]]>
              </value>
            </param>
            <param index="1">
              <value>
                <![CDATA[chrome]]>
              </value>
            </param>
          </params>
          <reporter-output>
          </reporter-output>
        </test-method> <!-- setup -->
        <test-method signature="createUser()[pri:0, instance:testCases.TC_AddUser_01@3a0baae5]" started-at="2025-09-15T18:23:47 IST" name="createUser" finished-at="2025-09-15T18:24:26 IST" duration-ms="38021" status="PASS">
          <reporter-output>
          </reporter-output>
        </test-method> <!-- createUser -->
        <test-method is-config="true" signature="teardown()[pri:0, instance:testCases.TC_AddUser_01@3a0baae5]" started-at="2025-09-15T18:24:26 IST" name="teardown" finished-at="2025-09-15T18:24:26 IST" duration-ms="424" status="PASS">
          <reporter-output>
          </reporter-output>
        </test-method> <!-- teardown -->
      </class> <!-- testCases.TC_AddUser_01 -->
      <class name="testCases.TC_Login_01">
        <test-method is-config="true" signature="setup(java.lang.String,java.lang.String)[pri:0, instance:testCases.TC_Login_01@dbd8e44]" started-at="2025-09-15T18:22:46 IST" name="setup" finished-at="2025-09-15T18:23:03 IST" duration-ms="16469" status="PASS">
          <params>
            <param index="0">
              <value>
                <![CDATA[Windows]]>
              </value>
            </param>
            <param index="1">
              <value>
                <![CDATA[chrome]]>
              </value>
            </param>
          </params>
          <reporter-output>
          </reporter-output>
        </test-method> <!-- setup -->
        <test-method signature="Login()[pri:0, instance:testCases.TC_Login_01@dbd8e44]" started-at="2025-09-15T18:23:03 IST" name="Login" finished-at="2025-09-15T18:23:44 IST" duration-ms="41103" status="PASS">
          <reporter-output>
          </reporter-output>
        </test-method> <!-- Login -->
        <test-method is-config="true" signature="teardown()[pri:0, instance:testCases.TC_Login_01@dbd8e44]" started-at="2025-09-15T18:23:44 IST" name="teardown" finished-at="2025-09-15T18:23:45 IST" duration-ms="605" status="PASS">
          <reporter-output>
          </reporter-output>
        </test-method> <!-- teardown -->
      </class> <!-- testCases.TC_Login_01 -->
    </test> <!-- ChromeTest -->
  </suite> <!--  MasterSuite -->
</testng-results>
