<?xml version="1.0" encoding="UTF-8"?>
<testng-results ignored="0" total="1" passed="0" failed="1" skipped="0">
  <reporter-output>
  </reporter-output>
  <suite started-at="2025-09-25T15:34:33 IST" name="Suite" finished-at="2025-09-25T15:34:36 IST" duration-ms="2887">
    <groups>
      <group name="Master">
        <method signature="TC_Login_01.Login()[pri:0, instance:testCases.TC_Login_01@1cdc4c27]" name="Login" class="testCases.TC_Login_01"/>
      </group> <!-- Master -->
      <group name="Sanity">
        <method signature="TC_Login_01.Login()[pri:0, instance:testCases.TC_Login_01@1cdc4c27]" name="Login" class="testCases.TC_Login_01"/>
      </group> <!-- Sanity -->
    </groups>
    <test started-at="2025-09-25T15:34:33 IST" name="ChromeTest" finished-at="2025-09-25T15:34:36 IST" duration-ms="2887">
      <class name="testCases.TC_Login_01">
        <test-method is-config="true" signature="setup(java.lang.String,java.lang.String)[pri:0, instance:testCases.TC_Login_01@1cdc4c27]" started-at="2025-09-25T15:34:33 IST" name="setup" finished-at="2025-09-25T15:34:35 IST" duration-ms="2498" status="PASS">
          <params>
            <param index="0">
              <value>
                <![CDATA[Linux]]>
              </value>
            </param>
            <param index="1">
              <value>
                <![CDATA[chrome]]>
              </value>
            </param>
          </params>
          <reporter-output>
          </reporter-output>
        </test-method> <!-- setup -->
        <test-method signature="Login()[pri:0, instance:testCases.TC_Login_01@1cdc4c27]" started-at="2025-09-25T15:34:35 IST" name="Login" finished-at="2025-09-25T15:34:35 IST" duration-ms="33" status="FAIL">
          <exception class="java.lang.IllegalArgumentException">
            <message>
              <![CDATA[Environment not specified. Pass it via -Denv=<dev|qa|prod>]]>
            </message>
            <full-stacktrace>
              <![CDATA[java.lang.IllegalArgumentException: Environment not specified. Pass it via -Denv=<dev|qa|prod>
at testCases.TC_Login_01.Login(TC_Login_01.java:20)
at java.base/jdk.internal.reflect.DirectMethodHandleAccessor.invoke(DirectMethodHandleAccessor.java:103)
at java.base/java.lang.reflect.Method.invoke(Method.java:580)
at org.testng.internal.invokers.MethodInvocationHelper.invokeMethod(MethodInvocationHelper.java:141)
at org.testng.internal.invokers.TestInvoker.invokeMethod(TestInvoker.java:686)
at org.testng.internal.invokers.TestInvoker.invokeTestMethod(TestInvoker.java:230)
at org.testng.internal.invokers.MethodRunner.runInSequence(MethodRunner.java:63)
at org.testng.internal.invokers.TestInvoker$MethodInvocationAgent.invoke(TestInvoker.java:992)
at org.testng.internal.invokers.TestInvoker.invokeTestMethods(TestInvoker.java:203)
at org.testng.internal.invokers.TestMethodWorker.invokeTestMethods(TestMethodWorker.java:154)
at org.testng.internal.invokers.TestMethodWorker.run(TestMethodWorker.java:134)
at java.base/java.util.ArrayList.forEach(ArrayList.java:1596)
at org.testng.TestRunner.privateRun(TestRunner.java:739)
at org.testng.TestRunner.run(TestRunner.java:614)
at org.testng.SuiteRunner.runTest(SuiteRunner.java:421)
at org.testng.SuiteRunner$SuiteWorker.run(SuiteRunner.java:463)
at org.testng.internal.thread.ThreadUtil.lambda$execute$0(ThreadUtil.java:64)
at java.base/java.util.concurrent.FutureTask.run(FutureTask.java:317)
at java.base/java.util.concurrent.ThreadPoolExecutor.runWorker(ThreadPoolExecutor.java:1144)
at java.base/java.util.concurrent.ThreadPoolExecutor$Worker.run(ThreadPoolExecutor.java:642)
at java.base/java.lang.Thread.run(Thread.java:1583)
]]>
            </full-stacktrace>
          </exception> <!-- java.lang.IllegalArgumentException -->
          <reporter-output>
          </reporter-output>
        </test-method> <!-- Login -->
        <test-method is-config="true" signature="teardown()[pri:0, instance:testCases.TC_Login_01@1cdc4c27]" started-at="2025-09-25T15:34:35 IST" name="teardown" finished-at="2025-09-25T15:34:36 IST" duration-ms="112" status="PASS">
          <reporter-output>
          </reporter-output>
        </test-method> <!-- teardown -->
      </class> <!-- testCases.TC_Login_01 -->
    </test> <!-- ChromeTest -->
  </suite> <!-- Suite -->
</testng-results>
