<?xml version="1.0" encoding="UTF-8"?>
<!-- Generated by org.testng.reporters.JUnitReportReporter -->
<testsuite hostname="Saven-L-146" failures="0" tests="3" name="testCases.TC_Login_01" time="110.918" errors="0" timestamp="2025-09-19T16:00:41 IST" skipped="0">
  <testcase classname="testCases.TC_Login_01" name="Login" time="50.694"/>
  <testcase classname="testCases.TC_Login_01" name="Login" time="10.459"/>
  <testcase classname="testCases.TC_Login_01" name="Login" time="49.765"/>
</testsuite> <!-- testCases.TC_Login_01 -->
